# JRE version: OpenJDK Runtime Environment (8.0_131-b11) (build 1.8.0_131-8u131-b11-2ubuntu1.17.04.3-b11)
# Java VM: OpenJDK 64-Bit Server VM (25.131-b11 mixed mode linux-amd64 compressed oops)
Heap:
 PSYoungGen      total 172544K, used 4562K [0x00000000eb700000, 0x00000000f6780000, 0x0000000100000000)
  eden space 164352K, 0% used [0x00000000eb700000,0x00000000eb700000,0x00000000f5780000)
  from space 8192K, 55% used [0x00000000f5780000,0x00000000f5bf4a70,0x00000000f5f80000)
  to   space 8192K, 0% used [0x00000000f5f80000,0x00000000f5f80000,0x00000000f6780000)
 ParOldGen       total 50688K, used 12619K [0x00000000c2400000, 0x00000000c5580000, 0x00000000eb700000)
  object space 50688K, 24% used [0x00000000c2400000,0x00000000c3052d70,0x00000000c5580000)
 Metaspace       used 41569K, capacity 42232K, committed 42408K, reserved 1087488K
  class space    used 5107K, capacity 5272K, committed 5296K, reserved 1048576K
GC Heap History (10 events):
Event: 6,002 GC heap after
Heap after GC invocations=10 (full 1):
 PSYoungGen      total 131072K, used 7143K [0x00000000eb700000, 0x00000000f4900000, 0x0000000100000000)
  eden space 123904K, 0% used [0x00000000eb700000,0x00000000eb700000,0x00000000f3000000)
  from space 7168K, 99% used [0x00000000f3000000,0x00000000f36f9f30,0x00000000f3700000)
  to   space 8704K, 0% used [0x00000000f4080000,0x00000000f4080000,0x00000000f4900000)
 ParOldGen       total 31744K, used 9425K [0x00000000c2400000, 0x00000000c4300000, 0x00000000eb700000)
  object space 31744K, 29% used [0x00000000c2400000,0x00000000c2d34700,0x00000000c4300000)
 Metaspace       used 34718K, capacity 35096K, committed 35496K, reserved 1079296K
  class space    used 4580K, capacity 4692K, committed 4784K, reserved 1048576K
}
Event: 6,003 GC heap before
{Heap before GC invocations=11 (full 2):
 PSYoungGen      total 131072K, used 7143K [0x00000000eb700000, 0x00000000f4900000, 0x0000000100000000)
  eden space 123904K, 0% used [0x00000000eb700000,0x00000000eb700000,0x00000000f3000000)
  from space 7168K, 99% used [0x00000000f3000000,0x00000000f36f9f30,0x00000000f3700000)
  to   space 8704K, 0% used [0x00000000f4080000,0x00000000f4080000,0x00000000f4900000)
 ParOldGen       total 31744K, used 9425K [0x00000000c2400000, 0x00000000c4300000, 0x00000000eb700000)
  object space 31744K, 29% used [0x00000000c2400000,0x00000000c2d34700,0x00000000c4300000)
 Metaspace       used 34718K, capacity 35096K, committed 35496K, reserved 1079296K
  class space    used 4580K, capacity 4692K, committed 4784K, reserved 1048576K
Event: 6,059 GC heap after
Heap after GC invocations=11 (full 2):
 PSYoungGen      total 131072K, used 0K [0x00000000eb700000, 0x00000000f4900000, 0x0000000100000000)
  eden space 123904K, 0% used [0x00000000eb700000,0x00000000eb700000,0x00000000f3000000)
  from space 7168K, 0% used [0x00000000f3000000,0x00000000f3000000,0x00000000f3700000)
  to   space 8704K, 0% used [0x00000000f4080000,0x00000000f4080000,0x00000000f4900000)
 ParOldGen       total 50688K, used 12595K [0x00000000c2400000, 0x00000000c5580000, 0x00000000eb700000)
  object space 50688K, 24% used [0x00000000c2400000,0x00000000c304cd70,0x00000000c5580000)
 Metaspace       used 34718K, capacity 35096K, committed 35496K, reserved 1079296K
  class space    used 4580K, capacity 4692K, committed 4784K, reserved 1048576K
}
Event: 8,125 GC heap before
{Heap before GC invocations=12 (full 2):
 PSYoungGen      total 131072K, used 123904K [0x00000000eb700000, 0x00000000f4900000, 0x0000000100000000)
  eden space 123904K, 100% used [0x00000000eb700000,0x00000000f3000000,0x00000000f3000000)
  from space 7168K, 0% used [0x00000000f3000000,0x00000000f3000000,0x00000000f3700000)
  to   space 8704K, 0% used [0x00000000f4080000,0x00000000f4080000,0x00000000f4900000)
 ParOldGen       total 50688K, used 12595K [0x00000000c2400000, 0x00000000c5580000, 0x00000000eb700000)
  object space 50688K, 24% used [0x00000000c2400000,0x00000000c304cd70,0x00000000c5580000)
 Metaspace       used 39021K, capacity 39544K, committed 39976K, reserved 1083392K
  class space    used 4994K, capacity 5144K, committed 5168K, reserved 1048576K
Event: 8,154 GC heap after
Heap after GC invocations=12 (full 2):
 PSYoungGen      total 140800K, used 5865K [0x00000000eb700000, 0x00000000f6280000, 0x0000000100000000)
  eden space 132096K, 0% used [0x00000000eb700000,0x00000000eb700000,0x00000000f3800000)
  from space 8704K, 67% used [0x00000000f4080000,0x00000000f463a510,0x00000000f4900000)
  to   space 8704K, 0% used [0x00000000f3800000,0x00000000f3800000,0x00000000f4080000)
 ParOldGen       total 50688K, used 12603K [0x00000000c2400000, 0x00000000c5580000, 0x00000000eb700000)
  object space 50688K, 24% used [0x00000000c2400000,0x00000000c304ed70,0x00000000c5580000)
 Metaspace       used 39021K, capacity 39544K, committed 39976K, reserved 1083392K
  class space    used 4994K, capacity 5144K, committed 5168K, reserved 1048576K
}
Event: 10,273 GC heap before
{Heap before GC invocations=13 (full 2):
 PSYoungGen      total 140800K, used 137961K [0x00000000eb700000, 0x00000000f6280000, 0x0000000100000000)
  eden space 132096K, 100% used [0x00000000eb700000,0x00000000f3800000,0x00000000f3800000)
  from space 8704K, 67% used [0x00000000f4080000,0x00000000f463a510,0x00000000f4900000)
  to   space 8704K, 0% used [0x00000000f3800000,0x00000000f3800000,0x00000000f4080000)
 ParOldGen       total 50688K, used 12603K [0x00000000c2400000, 0x00000000c5580000, 0x00000000eb700000)
  object space 50688K, 24% used [0x00000000c2400000,0x00000000c304ed70,0x00000000c5580000)
 Metaspace       used 39983K, capacity 40554K, committed 41000K, reserved 1085440K
  class space    used 5014K, capacity 5163K, committed 5168K, reserved 1048576K
Event: 10,281 GC heap after
Heap after GC invocations=13 (full 2):
 PSYoungGen      total 140800K, used 4398K [0x00000000eb700000, 0x00000000f6780000, 0x0000000100000000)
  eden space 132096K, 0% used [0x00000000eb700000,0x00000000eb700000,0x00000000f3800000)
  from space 8704K, 50% used [0x00000000f3800000,0x00000000f3c4b8e8,0x00000000f4080000)
  to   space 8192K, 0% used [0x00000000f5f80000,0x00000000f5f80000,0x00000000f6780000)
 ParOldGen       total 50688K, used 12611K [0x00000000c2400000, 0x00000000c5580000, 0x00000000eb700000)
  object space 50688K, 24% used [0x00000000c2400000,0x00000000c3050d70,0x00000000c5580000)
 Metaspace       used 39983K, capacity 40554K, committed 41000K, reserved 1085440K
  class space    used 5014K, capacity 5163K, committed 5168K, reserved 1048576K
}
Event: 12,097 GC heap before
{Heap before GC invocations=14 (full 2):
 PSYoungGen      total 140800K, used 136494K [0x00000000eb700000, 0x00000000f6780000, 0x0000000100000000)
  eden space 132096K, 100% used [0x00000000eb700000,0x00000000f3800000,0x00000000f3800000)
  from space 8704K, 50% used [0x00000000f3800000,0x00000000f3c4b8e8,0x00000000f4080000)
  to   space 8192K, 0% used [0x00000000f5f80000,0x00000000f5f80000,0x00000000f6780000)
 ParOldGen       total 50688K, used 12611K [0x00000000c2400000, 0x00000000c5580000, 0x00000000eb700000)
  object space 50688K, 24% used [0x00000000c2400000,0x00000000c3050d70,0x00000000c5580000)
 Metaspace       used 40945K, capacity 41614K, committed 41896K, reserved 1085440K
  class space    used 5094K, capacity 5265K, committed 5296K, reserved 1048576K
Event: 12,118 GC heap after
Heap after GC invocations=14 (full 2):
 PSYoungGen      total 172544K, used 3378K [0x00000000eb700000, 0x00000000f6780000, 0x0000000100000000)
  eden space 164352K, 0% used [0x00000000eb700000,0x00000000eb700000,0x00000000f5780000)
  from space 8192K, 41% used [0x00000000f5f80000,0x00000000f62ccbf0,0x00000000f6780000)
  to   space 8192K, 0% used [0x00000000f5780000,0x00000000f5780000,0x00000000f5f80000)
 ParOldGen       total 50688K, used 12619K [0x00000000c2400000, 0x00000000c5580000, 0x00000000eb700000)
  object space 50688K, 24% used [0x00000000c2400000,0x00000000c3052d70,0x00000000c5580000)
 Metaspace       used 40945K, capacity 41614K, committed 41896K, reserved 1085440K
  class space    used 5094K, capacity 5265K, committed 5296K, reserved 1048576K
}
Event: 15,680 GC heap before
{Heap before GC invocations=15 (full 2):
 PSYoungGen      total 172544K, used 167730K [0x00000000eb700000, 0x00000000f6780000, 0x0000000100000000)
  eden space 164352K, 100% used [0x00000000eb700000,0x00000000f5780000,0x00000000f5780000)
  from space 8192K, 41% used [0x00000000f5f80000,0x00000000f62ccbf0,0x00000000f6780000)
  to   space 8192K, 0% used [0x00000000f5780000,0x00000000f5780000,0x00000000f5f80000)
 ParOldGen       total 50688K, used 12619K [0x00000000c2400000, 0x00000000c5580000, 0x00000000eb700000)
  object space 50688K, 24% used [0x00000000c2400000,0x00000000c3052d70,0x00000000c5580000)
 Metaspace       used 41569K, capacity 42232K, committed 42408K, reserved 1087488K
  class space    used 5107K, capacity 5272K, committed 5296K, reserved 1048576K

