# JRE version: OpenJDK Runtime Environment (8.0_131-b11) (build 1.8.0_131-8u131-b11-2ubuntu1.17.04.3-b11)
# Java VM: OpenJDK 64-Bit Server VM (25.131-b11 mixed mode linux-amd64 compressed oops)
Heap:
 PSYoungGen      total 132608K, used 5641K [0x00000000eb700000, 0x00000000f4f00000, 0x0000000100000000)
  eden space 123904K, 0% used [0x00000000eb700000,0x00000000eb700000,0x00000000f3000000)
  from space 8704K, 64% used [0x00000000f4680000,0x00000000f4c02578,0x00000000f4f00000)
  to   space 7168K, 0% used [0x00000000f3000000,0x00000000f3000000,0x00000000f3700000)
 ParOldGen       total 47104K, used 12468K [0x00000000c2400000, 0x00000000c5200000, 0x00000000eb700000)
  object space 47104K, 26% used [0x00000000c2400000,0x00000000c302d140,0x00000000c5200000)
 Metaspace       used 39157K, capacity 39672K, committed 39976K, reserved 1083392K
  class space    used 4994K, capacity 5144K, committed 5160K, reserved 1048576K
GC Heap History (10 events):
Event: 3,401 GC heap after
Heap after GC invocations=7 (full 0):
 PSYoungGen      total 69120K, used 4395K [0x00000000eb700000, 0x00000000f3e00000, 0x0000000100000000)
  eden space 63488K, 0% used [0x00000000eb700000,0x00000000eb700000,0x00000000ef500000)
  from space 5632K, 78% used [0x00000000ef500000,0x00000000ef94ae78,0x00000000efa80000)
  to   space 5632K, 0% used [0x00000000f3880000,0x00000000f3880000,0x00000000f3e00000)
 ParOldGen       total 42496K, used 6976K [0x00000000c2400000, 0x00000000c4d80000, 0x00000000eb700000)
  object space 42496K, 16% used [0x00000000c2400000,0x00000000c2ad0320,0x00000000c4d80000)
 Metaspace       used 20795K, capacity 21106K, committed 21296K, reserved 1067008K
  class space    used 2749K, capacity 2845K, committed 2864K, reserved 1048576K
}
Event: 3,402 GC heap before
{Heap before GC invocations=8 (full 1):
 PSYoungGen      total 69120K, used 4395K [0x00000000eb700000, 0x00000000f3e00000, 0x0000000100000000)
  eden space 63488K, 0% used [0x00000000eb700000,0x00000000eb700000,0x00000000ef500000)
  from space 5632K, 78% used [0x00000000ef500000,0x00000000ef94ae78,0x00000000efa80000)
  to   space 5632K, 0% used [0x00000000f3880000,0x00000000f3880000,0x00000000f3e00000)
 ParOldGen       total 42496K, used 6976K [0x00000000c2400000, 0x00000000c4d80000, 0x00000000eb700000)
  object space 42496K, 16% used [0x00000000c2400000,0x00000000c2ad0320,0x00000000c4d80000)
 Metaspace       used 20795K, capacity 21106K, committed 21296K, reserved 1067008K
  class space    used 2749K, capacity 2845K, committed 2864K, reserved 1048576K
Event: 3,456 GC heap after
Heap after GC invocations=8 (full 1):
 PSYoungGen      total 69120K, used 0K [0x00000000eb700000, 0x00000000f3e00000, 0x0000000100000000)
  eden space 63488K, 0% used [0x00000000eb700000,0x00000000eb700000,0x00000000ef500000)
  from space 5632K, 0% used [0x00000000ef500000,0x00000000ef500000,0x00000000efa80000)
  to   space 5632K, 0% used [0x00000000f3880000,0x00000000f3880000,0x00000000f3e00000)
 ParOldGen       total 30720K, used 6069K [0x00000000c2400000, 0x00000000c4200000, 0x00000000eb700000)
  object space 30720K, 19% used [0x00000000c2400000,0x00000000c29ed478,0x00000000c4200000)
 Metaspace       used 20795K, capacity 21106K, committed 21296K, reserved 1067008K
  class space    used 2749K, capacity 2845K, committed 2864K, reserved 1048576K
}
Event: 4,867 GC heap before
{Heap before GC invocations=9 (full 1):
 PSYoungGen      total 69120K, used 63488K [0x00000000eb700000, 0x00000000f3e00000, 0x0000000100000000)
  eden space 63488K, 100% used [0x00000000eb700000,0x00000000ef500000,0x00000000ef500000)
  from space 5632K, 0% used [0x00000000ef500000,0x00000000ef500000,0x00000000efa80000)
  to   space 5632K, 0% used [0x00000000f3880000,0x00000000f3880000,0x00000000f3e00000)
 ParOldGen       total 30720K, used 6069K [0x00000000c2400000, 0x00000000c4200000, 0x00000000eb700000)
  object space 30720K, 19% used [0x00000000c2400000,0x00000000c29ed478,0x00000000c4200000)
 Metaspace       used 29741K, capacity 30136K, committed 30384K, reserved 1075200K
  class space    used 3903K, capacity 4004K, committed 4016K, reserved 1048576K
Event: 4,895 GC heap after
Heap after GC invocations=9 (full 1):
 PSYoungGen      total 107520K, used 5603K [0x00000000eb700000, 0x00000000f3e00000, 0x0000000100000000)
  eden space 101888K, 0% used [0x00000000eb700000,0x00000000eb700000,0x00000000f1a80000)
  from space 5632K, 99% used [0x00000000f3880000,0x00000000f3df8eb0,0x00000000f3e00000)
  to   space 7168K, 0% used [0x00000000f3000000,0x00000000f3000000,0x00000000f3700000)
 ParOldGen       total 30720K, used 8446K [0x00000000c2400000, 0x00000000c4200000, 0x00000000eb700000)
  object space 30720K, 27% used [0x00000000c2400000,0x00000000c2c3f900,0x00000000c4200000)
 Metaspace       used 29741K, capacity 30136K, committed 30384K, reserved 1075200K
  class space    used 3903K, capacity 4004K, committed 4016K, reserved 1048576K
}
Event: 6,118 GC heap before
{Heap before GC invocations=10 (full 1):
 PSYoungGen      total 107520K, used 75494K [0x00000000eb700000, 0x00000000f3e00000, 0x0000000100000000)
  eden space 101888K, 68% used [0x00000000eb700000,0x00000000efb40ae8,0x00000000f1a80000)
  from space 5632K, 99% used [0x00000000f3880000,0x00000000f3df8eb0,0x00000000f3e00000)
  to   space 7168K, 0% used [0x00000000f3000000,0x00000000f3000000,0x00000000f3700000)
 ParOldGen       total 30720K, used 8446K [0x00000000c2400000, 0x00000000c4200000, 0x00000000eb700000)
  object space 30720K, 27% used [0x00000000c2400000,0x00000000c2c3f900,0x00000000c4200000)
 Metaspace       used 34722K, capacity 35064K, committed 35496K, reserved 1079296K
  class space    used 4577K, capacity 4660K, committed 4776K, reserved 1048576K
Event: 6,141 GC heap after
Heap after GC invocations=10 (full 1):
 PSYoungGen      total 131072K, used 7138K [0x00000000eb700000, 0x00000000f4f00000, 0x0000000100000000)
  eden space 123904K, 0% used [0x00000000eb700000,0x00000000eb700000,0x00000000f3000000)
  from space 7168K, 99% used [0x00000000f3000000,0x00000000f36f8970,0x00000000f3700000)
  to   space 8704K, 0% used [0x00000000f4680000,0x00000000f4680000,0x00000000f4f00000)
 ParOldGen       total 30720K, used 9337K [0x00000000c2400000, 0x00000000c4200000, 0x00000000eb700000)
  object space 30720K, 30% used [0x00000000c2400000,0x00000000c2d1e400,0x00000000c4200000)
 Metaspace       used 34722K, capacity 35064K, committed 35496K, reserved 1079296K
  class space    used 4577K, capacity 4660K, committed 4776K, reserved 1048576K
}
Event: 6,141 GC heap before
{Heap before GC invocations=11 (full 2):
 PSYoungGen      total 131072K, used 7138K [0x00000000eb700000, 0x00000000f4f00000, 0x0000000100000000)
  eden space 123904K, 0% used [0x00000000eb700000,0x00000000eb700000,0x00000000f3000000)
  from space 7168K, 99% used [0x00000000f3000000,0x00000000f36f8970,0x00000000f3700000)
  to   space 8704K, 0% used [0x00000000f4680000,0x00000000f4680000,0x00000000f4f00000)
 ParOldGen       total 30720K, used 9337K [0x00000000c2400000, 0x00000000c4200000, 0x00000000eb700000)
  object space 30720K, 30% used [0x00000000c2400000,0x00000000c2d1e400,0x00000000c4200000)
 Metaspace       used 34722K, capacity 35064K, committed 35496K, reserved 1079296K
  class space    used 4577K, capacity 4660K, committed 4776K, reserved 1048576K
Event: 6,197 GC heap after
Heap after GC invocations=11 (full 2):
 PSYoungGen      total 131072K, used 0K [0x00000000eb700000, 0x00000000f4f00000, 0x0000000100000000)
  eden space 123904K, 0% used [0x00000000eb700000,0x00000000eb700000,0x00000000f3000000)
  from space 7168K, 0% used [0x00000000f3000000,0x00000000f3000000,0x00000000f3700000)
  to   space 8704K, 0% used [0x00000000f4680000,0x00000000f4680000,0x00000000f4f00000)
 ParOldGen       total 47104K, used 12460K [0x00000000c2400000, 0x00000000c5200000, 0x00000000eb700000)
  object space 47104K, 26% used [0x00000000c2400000,0x00000000c302b140,0x00000000c5200000)
 Metaspace       used 34722K, capacity 35064K, committed 35496K, reserved 1079296K
  class space    used 4577K, capacity 4660K, committed 4776K, reserved 1048576K
}
Event: 8,915 GC heap before
{Heap before GC invocations=12 (full 2):
 PSYoungGen      total 131072K, used 123904K [0x00000000eb700000, 0x00000000f4f00000, 0x0000000100000000)
  eden space 123904K, 100% used [0x00000000eb700000,0x00000000f3000000,0x00000000f3000000)
  from space 7168K, 0% used [0x00000000f3000000,0x00000000f3000000,0x00000000f3700000)
  to   space 8704K, 0% used [0x00000000f4680000,0x00000000f4680000,0x00000000f4f00000)
 ParOldGen       total 47104K, used 12460K [0x00000000c2400000, 0x00000000c5200000, 0x00000000eb700000)
  object space 47104K, 26% used [0x00000000c2400000,0x00000000c302b140,0x00000000c5200000)
 Metaspace       used 39157K, capacity 39672K, committed 39976K, reserved 1083392K
  class space    used 4994K, capacity 5144K, committed 5160K, reserved 1048576K

